<?xml version="1.0" encoding="UTF-8"?>
<testng-results skipped="0" failed="0" ignored="0" total="1" passed="1">
  <reporter-output>
  </reporter-output>
  <suite name="Suite" duration-ms="41114" started-at="2019-11-11T09:37:07 PST" finished-at="2019-11-11T09:37:48 PST">
    <groups>
      <group name="cucumber">
        <method signature="AbstractTestNGCucumberTests.feature(cucumber.api.testng.CucumberFeatureWrapper)[pri:0, instance:testRunner.LoginDataTest@2f686d1f]" name="feature" class="cucumber.api.testng.AbstractTestNGCucumberTests"/>
      </group> <!-- cucumber -->
    </groups>
    <test name="Login" duration-ms="41114" started-at="2019-11-11T09:37:07 PST" finished-at="2019-11-11T09:37:48 PST">
      <class name="testRunner.LoginDataTest">
        <test-method status="PASS" signature="setUpClass()[pri:0, instance:testRunner.LoginDataTest@2f686d1f]" name="setUpClass" is-config="true" duration-ms="353" started-at="2019-11-11T09:37:07 PST" finished-at="2019-11-11T09:37:08 PST">
          <reporter-output>
          </reporter-output>
        </test-method> <!-- setUpClass -->
        <test-method status="PASS" signature="feature(cucumber.api.testng.CucumberFeatureWrapper)[pri:0, instance:testRunner.LoginDataTest@2f686d1f]" name="feature" duration-ms="40478" started-at="2019-11-11T09:37:08 PST" description="Runs Cucumber Feature" data-provider="features" finished-at="2019-11-11T09:37:48 PST">
          <params>
            <param index="0">
              <value>
                <![CDATA[Boost Mobile Web Site Test]]>
              </value>
            </param>
          </params>
          <reporter-output>
          </reporter-output>
        </test-method> <!-- feature -->
        <test-method status="PASS" signature="tearDownClass()[pri:0, instance:testRunner.LoginDataTest@2f686d1f]" name="tearDownClass" is-config="true" duration-ms="7" started-at="2019-11-11T09:37:48 PST" finished-at="2019-11-11T09:37:48 PST">
          <reporter-output>
          </reporter-output>
        </test-method> <!-- tearDownClass -->
      </class> <!-- testRunner.LoginDataTest -->
    </test> <!-- Login -->
  </suite> <!-- Suite -->
</testng-results>
