<?xml version="1.0" encoding="UTF-8"?>
<testng-results skipped="0" failed="0" ignored="0" total="1" passed="1">
  <reporter-output>
  </reporter-output>
  <suite name="Suite" duration-ms="68205" started-at="2019-11-11T09:22:49 PST" finished-at="2019-11-11T09:23:57 PST">
    <groups>
      <group name="cucumber">
        <method signature="AbstractTestNGCucumberTests.feature(cucumber.api.testng.CucumberFeatureWrapper)[pri:0, instance:testRunner.LoginDataTest@67205a84]" name="feature" class="cucumber.api.testng.AbstractTestNGCucumberTests"/>
      </group> <!-- cucumber -->
    </groups>
    <test name="Login" duration-ms="68205" started-at="2019-11-11T09:22:49 PST" finished-at="2019-11-11T09:23:57 PST">
      <class name="testRunner.LoginDataTest">
        <test-method status="PASS" signature="setUpClass()[pri:0, instance:testRunner.LoginDataTest@67205a84]" name="setUpClass" is-config="true" duration-ms="381" started-at="2019-11-11T09:22:49 PST" finished-at="2019-11-11T09:22:49 PST">
          <reporter-output>
          </reporter-output>
        </test-method> <!-- setUpClass -->
        <test-method status="PASS" signature="feature(cucumber.api.testng.CucumberFeatureWrapper)[pri:0, instance:testRunner.LoginDataTest@67205a84]" name="feature" duration-ms="67631" started-at="2019-11-11T09:22:49 PST" description="Runs Cucumber Feature" data-provider="features" finished-at="2019-11-11T09:23:57 PST">
          <params>
            <param index="0">
              <value>
                <![CDATA[Boost Mobile Web Site Test]]>
              </value>
            </param>
          </params>
          <reporter-output>
          </reporter-output>
        </test-method> <!-- feature -->
        <test-method status="PASS" signature="tearDownClass()[pri:0, instance:testRunner.LoginDataTest@67205a84]" name="tearDownClass" is-config="true" duration-ms="4" started-at="2019-11-11T09:23:57 PST" finished-at="2019-11-11T09:23:57 PST">
          <reporter-output>
          </reporter-output>
        </test-method> <!-- tearDownClass -->
      </class> <!-- testRunner.LoginDataTest -->
    </test> <!-- Login -->
  </suite> <!-- Suite -->
</testng-results>
